{
  "/Users/danielslovinsky/Documents/projects/alchemy-docs/docs/src/content-indexer/collectors/algolia.ts": {
    "path": "/Users/danielslovinsky/Documents/projects/alchemy-docs/docs/src/content-indexer/collectors/algolia.ts",
    "statementMap": {
      "0": {
        "start": { "line": 10, "column": 32 },
        "end": { "line": 14, "column": null }
      },
      "1": {
        "start": { "line": 11, "column": 2 },
        "end": { "line": 13, "column": null }
      },
      "2": {
        "start": { "line": 12, "column": 22 },
        "end": { "line": 12, "column": 42 }
      },
      "3": {
        "start": { "line": 13, "column": 19 },
        "end": { "line": 13, "column": 29 }
      },
      "4": {
        "start": { "line": 39, "column": 2 },
        "end": { "line": 39, "column": null }
      },
      "5": {
        "start": { "line": 50, "column": 29 },
        "end": { "line": 50, "column": null }
      },
      "6": {
        "start": { "line": 53, "column": 27 },
        "end": { "line": 53, "column": null }
      },
      "7": {
        "start": { "line": 54, "column": 21 },
        "end": { "line": 54, "column": null }
      },
      "8": {
        "start": { "line": 55, "column": 21 },
        "end": { "line": 55, "column": null }
      },
      "9": {
        "start": { "line": 57, "column": 4 },
        "end": { "line": 65, "column": null }
      },
      "10": {
        "start": { "line": 72, "column": 4 },
        "end": { "line": 72, "column": null }
      },
      "11": {
        "start": { "line": 80, "column": 4 },
        "end": { "line": 80, "column": null }
      }
    },
    "fnMap": {
      "0": {
        "name": "(anonymous_0)",
        "decl": {
          "start": { "line": 10, "column": 32 },
          "end": { "line": 10, "column": 33 }
        },
        "loc": {
          "start": { "line": 10, "column": 67 },
          "end": { "line": 14, "column": null }
        },
        "line": 10
      },
      "1": {
        "name": "(anonymous_1)",
        "decl": {
          "start": { "line": 12, "column": 12 },
          "end": { "line": 12, "column": 13 }
        },
        "loc": {
          "start": { "line": 12, "column": 22 },
          "end": { "line": 12, "column": 42 }
        },
        "line": 12
      },
      "2": {
        "name": "(anonymous_2)",
        "decl": {
          "start": { "line": 13, "column": 9 },
          "end": { "line": 13, "column": 10 }
        },
        "loc": {
          "start": { "line": 13, "column": 19 },
          "end": { "line": 13, "column": 29 }
        },
        "line": 13
      },
      "3": {
        "name": "(anonymous_3)",
        "decl": {
          "start": { "line": 38, "column": 7 },
          "end": { "line": 38, "column": 13 }
        },
        "loc": {
          "start": { "line": 38, "column": 7 },
          "end": { "line": 39, "column": null }
        },
        "line": 38
      },
      "4": {
        "name": "(anonymous_4)",
        "decl": {
          "start": { "line": 49, "column": 2 },
          "end": { "line": 49, "column": 12 }
        },
        "loc": {
          "start": { "line": 49, "column": 43 },
          "end": { "line": 66, "column": null }
        },
        "line": 49
      },
      "5": {
        "name": "(anonymous_5)",
        "decl": {
          "start": { "line": 71, "column": 2 },
          "end": { "line": 71, "column": 32 }
        },
        "loc": {
          "start": { "line": 71, "column": 32 },
          "end": { "line": 73, "column": null }
        },
        "line": 71
      },
      "6": {
        "name": "(anonymous_6)",
        "decl": {
          "start": { "line": 79, "column": 10 },
          "end": { "line": 79, "column": 23 }
        },
        "loc": {
          "start": { "line": 79, "column": 47 },
          "end": { "line": 81, "column": null }
        },
        "line": 79
      }
    },
    "branchMap": {
      "0": {
        "loc": {
          "start": { "line": 53, "column": 27 },
          "end": { "line": 53, "column": null }
        },
        "type": "binary-expr",
        "locations": [
          {
            "start": { "line": 53, "column": 27 },
            "end": { "line": 53, "column": 54 }
          },
          {
            "start": { "line": 53, "column": 54 },
            "end": { "line": 53, "column": null }
          }
        ],
        "line": 53
      },
      "1": {
        "loc": {
          "start": { "line": 64, "column": 10 },
          "end": { "line": 64, "column": null }
        },
        "type": "binary-expr",
        "locations": [
          {
            "start": { "line": 64, "column": 10 },
            "end": { "line": 64, "column": 31 }
          },
          {
            "start": { "line": 64, "column": 31 },
            "end": { "line": 64, "column": null }
          }
        ],
        "line": 64
      }
    },
    "s": {
      "0": 10,
      "1": 40,
      "2": 38,
      "3": 37,
      "4": 73,
      "5": 40,
      "6": 40,
      "7": 40,
      "8": 40,
      "9": 40,
      "10": 36,
      "11": 40
    },
    "f": { "0": 40, "1": 38, "2": 37, "3": 73, "4": 40, "5": 36, "6": 40 },
    "b": { "0": [40, 11], "1": [40, 27] },
    "meta": {
      "lastBranch": 2,
      "lastFunction": 7,
      "lastStatement": 12,
      "seen": {
        "s:10:32:14:Infinity": 0,
        "f:10:32:10:33": 0,
        "s:11:2:13:Infinity": 1,
        "f:12:12:12:13": 1,
        "s:12:22:12:42": 2,
        "f:13:9:13:10": 2,
        "s:13:19:13:29": 3,
        "f:38:7:38:13": 3,
        "s:39:2:39:Infinity": 4,
        "f:49:2:49:12": 4,
        "s:50:29:50:Infinity": 5,
        "s:53:27:53:Infinity": 6,
        "b:53:27:53:54:53:54:53:Infinity": 0,
        "s:54:21:54:Infinity": 7,
        "s:55:21:55:Infinity": 8,
        "s:57:4:65:Infinity": 9,
        "b:64:10:64:31:64:31:64:Infinity": 1,
        "f:71:2:71:32": 5,
        "s:72:4:72:Infinity": 10,
        "f:79:10:79:23": 6,
        "s:80:4:80:Infinity": 11
      }
    }
  },
  "/Users/danielslovinsky/Documents/projects/alchemy-docs/docs/src/content-indexer/collectors/navigation-trees.ts": {
    "path": "/Users/danielslovinsky/Documents/projects/alchemy-docs/docs/src/content-indexer/collectors/navigation-trees.ts",
    "statementMap": {
      "0": {
        "start": { "line": 11, "column": 2 },
        "end": { "line": 11, "column": null }
      },
      "1": {
        "start": { "line": 17, "column": 4 },
        "end": { "line": 19, "column": null }
      },
      "2": {
        "start": { "line": 18, "column": 6 },
        "end": { "line": 18, "column": null }
      },
      "3": {
        "start": { "line": 20, "column": 4 },
        "end": { "line": 20, "column": null }
      },
      "4": {
        "start": { "line": 27, "column": 4 },
        "end": { "line": 27, "column": null }
      },
      "5": {
        "start": { "line": 34, "column": 4 },
        "end": { "line": 43, "column": null }
      },
      "6": {
        "start": { "line": 38, "column": 10 },
        "end": { "line": 38, "column": null }
      },
      "7": {
        "start": { "line": 39, "column": 10 },
        "end": { "line": 39, "column": null }
      },
      "8": {
        "start": { "line": 50, "column": 4 },
        "end": { "line": 56, "column": null }
      },
      "9": {
        "start": { "line": 52, "column": 8 },
        "end": { "line": 54, "column": null }
      },
      "10": {
        "start": { "line": 55, "column": 6 },
        "end": { "line": 55, "column": null }
      }
    },
    "fnMap": {
      "0": {
        "name": "(anonymous_0)",
        "decl": {
          "start": { "line": 10, "column": 7 },
          "end": { "line": 10, "column": 13 }
        },
        "loc": {
          "start": { "line": 10, "column": 7 },
          "end": { "line": 11, "column": null }
        },
        "line": 10
      },
      "1": {
        "name": "(anonymous_1)",
        "decl": {
          "start": { "line": 16, "column": 2 },
          "end": { "line": 16, "column": 10 }
        },
        "loc": {
          "start": { "line": 16, "column": 44 },
          "end": { "line": 21, "column": null }
        },
        "line": 16
      },
      "2": {
        "name": "(anonymous_2)",
        "decl": {
          "start": { "line": 26, "column": 2 },
          "end": { "line": 26, "column": 35 }
        },
        "loc": {
          "start": { "line": 26, "column": 35 },
          "end": { "line": 28, "column": null }
        },
        "line": 26
      },
      "3": {
        "name": "(anonymous_3)",
        "decl": {
          "start": { "line": 33, "column": 2 },
          "end": { "line": 33, "column": 71 }
        },
        "loc": {
          "start": { "line": 33, "column": 71 },
          "end": { "line": 44, "column": null }
        },
        "line": 33
      },
      "4": {
        "name": "(anonymous_4)",
        "decl": {
          "start": { "line": 37, "column": 8 },
          "end": { "line": 37, "column": 9 }
        },
        "loc": {
          "start": { "line": 37, "column": 31 },
          "end": { "line": 40, "column": null }
        },
        "line": 37
      },
      "5": {
        "name": "(anonymous_5)",
        "decl": {
          "start": { "line": 49, "column": 10 },
          "end": { "line": 49, "column": 21 }
        },
        "loc": {
          "start": { "line": 49, "column": 47 },
          "end": { "line": 57, "column": null }
        },
        "line": 49
      },
      "6": {
        "name": "(anonymous_6)",
        "decl": {
          "start": { "line": 50, "column": 24 },
          "end": { "line": 50, "column": 25 }
        },
        "loc": {
          "start": { "line": 50, "column": 39 },
          "end": { "line": 56, "column": 7 }
        },
        "line": 50
      }
    },
    "branchMap": {
      "0": {
        "loc": {
          "start": { "line": 17, "column": 4 },
          "end": { "line": 19, "column": null }
        },
        "type": "if",
        "locations": [
          {
            "start": { "line": 17, "column": 4 },
            "end": { "line": 19, "column": null }
          },
          { "start": {}, "end": {} }
        ],
        "line": 17
      },
      "1": {
        "loc": {
          "start": { "line": 52, "column": 8 },
          "end": { "line": 54, "column": null }
        },
        "type": "cond-expr",
        "locations": [
          {
            "start": { "line": 53, "column": 12 },
            "end": { "line": 53, "column": null }
          },
          {
            "start": { "line": 54, "column": 12 },
            "end": { "line": 54, "column": null }
          }
        ],
        "line": 52
      },
      "2": {
        "loc": {
          "start": { "line": 52, "column": 8 },
          "end": { "line": 52, "column": null }
        },
        "type": "binary-expr",
        "locations": [
          {
            "start": { "line": 52, "column": 8 },
            "end": { "line": 52, "column": 35 }
          },
          {
            "start": { "line": 52, "column": 35 },
            "end": { "line": 52, "column": null }
          }
        ],
        "line": 52
      }
    },
    "s": {
      "0": 71,
      "1": 22,
      "2": 19,
      "3": 22,
      "4": 31,
      "5": 3,
      "6": 4,
      "7": 4,
      "8": 5,
      "9": 7,
      "10": 7
    },
    "f": { "0": 71, "1": 22, "2": 31, "3": 3, "4": 4, "5": 5, "6": 7 },
    "b": { "0": [19, 3], "1": [1, 6], "2": [7, 6] },
    "meta": {
      "lastBranch": 3,
      "lastFunction": 7,
      "lastStatement": 11,
      "seen": {
        "f:10:7:10:13": 0,
        "s:11:2:11:Infinity": 0,
        "f:16:2:16:10": 1,
        "b:17:4:19:Infinity:undefined:undefined:undefined:undefined": 0,
        "s:17:4:19:Infinity": 1,
        "s:18:6:18:Infinity": 2,
        "s:20:4:20:Infinity": 3,
        "f:26:2:26:35": 2,
        "s:27:4:27:Infinity": 4,
        "f:33:2:33:71": 3,
        "s:34:4:43:Infinity": 5,
        "f:37:8:37:9": 4,
        "s:38:10:38:Infinity": 6,
        "s:39:10:39:Infinity": 7,
        "f:49:10:49:21": 5,
        "s:50:4:56:Infinity": 8,
        "f:50:24:50:25": 6,
        "s:52:8:54:Infinity": 9,
        "b:53:12:53:Infinity:54:12:54:Infinity": 1,
        "b:52:8:52:35:52:35:52:Infinity": 2,
        "s:55:6:55:Infinity": 10
      }
    }
  },
  "/Users/danielslovinsky/Documents/projects/alchemy-docs/docs/src/content-indexer/collectors/path-index.ts": {
    "path": "/Users/danielslovinsky/Documents/projects/alchemy-docs/docs/src/content-indexer/collectors/path-index.ts",
    "statementMap": {
      "0": {
        "start": { "line": 11, "column": 2 },
        "end": { "line": 11, "column": null }
      },
      "1": {
        "start": { "line": 18, "column": 4 },
        "end": { "line": 22, "column": null }
      },
      "2": {
        "start": { "line": 19, "column": 6 },
        "end": { "line": 21, "column": null }
      },
      "3": {
        "start": { "line": 23, "column": 4 },
        "end": { "line": 23, "column": null }
      },
      "4": {
        "start": { "line": 30, "column": 4 },
        "end": { "line": 30, "column": null }
      },
      "5": {
        "start": { "line": 37, "column": 20 },
        "end": { "line": 37, "column": null }
      },
      "6": {
        "start": { "line": 38, "column": 4 },
        "end": { "line": 47, "column": null }
      },
      "7": {
        "start": { "line": 42, "column": 10 },
        "end": { "line": 42, "column": null }
      },
      "8": {
        "start": { "line": 43, "column": 10 },
        "end": { "line": 43, "column": null }
      }
    },
    "fnMap": {
      "0": {
        "name": "(anonymous_0)",
        "decl": {
          "start": { "line": 10, "column": 7 },
          "end": { "line": 10, "column": 13 }
        },
        "loc": {
          "start": { "line": 10, "column": 7 },
          "end": { "line": 11, "column": null }
        },
        "line": 10
      },
      "1": {
        "name": "(anonymous_1)",
        "decl": {
          "start": { "line": 17, "column": 2 },
          "end": { "line": 17, "column": 6 }
        },
        "loc": {
          "start": { "line": 17, "column": 49 },
          "end": { "line": 24, "column": null }
        },
        "line": 17
      },
      "2": {
        "name": "(anonymous_2)",
        "decl": {
          "start": { "line": 29, "column": 2 },
          "end": { "line": 29, "column": 24 }
        },
        "loc": {
          "start": { "line": 29, "column": 24 },
          "end": { "line": 31, "column": null }
        },
        "line": 29
      },
      "3": {
        "name": "(anonymous_3)",
        "decl": {
          "start": { "line": 36, "column": 2 },
          "end": { "line": 36, "column": 64 }
        },
        "loc": {
          "start": { "line": 36, "column": 64 },
          "end": { "line": 48, "column": null }
        },
        "line": 36
      },
      "4": {
        "name": "(anonymous_4)",
        "decl": {
          "start": { "line": 41, "column": 8 },
          "end": { "line": 41, "column": 9 }
        },
        "loc": {
          "start": { "line": 41, "column": 24 },
          "end": { "line": 44, "column": null }
        },
        "line": 41
      }
    },
    "branchMap": {
      "0": {
        "loc": {
          "start": { "line": 18, "column": 4 },
          "end": { "line": 22, "column": null }
        },
        "type": "if",
        "locations": [
          {
            "start": { "line": 18, "column": 4 },
            "end": { "line": 22, "column": null }
          },
          { "start": {}, "end": {} }
        ],
        "line": 18
      },
      "1": {
        "loc": {
          "start": { "line": 42, "column": 29 },
          "end": { "line": 42, "column": 53 }
        },
        "type": "binary-expr",
        "locations": [
          {
            "start": { "line": 42, "column": 29 },
            "end": { "line": 42, "column": 48 }
          },
          {
            "start": { "line": 42, "column": 48 },
            "end": { "line": 42, "column": 53 }
          }
        ],
        "line": 42
      }
    },
    "s": {
      "0": 71,
      "1": 16,
      "2": 1,
      "3": 16,
      "4": 32,
      "5": 2,
      "6": 2,
      "7": 4,
      "8": 4
    },
    "f": { "0": 71, "1": 16, "2": 32, "3": 2, "4": 4 },
    "b": { "0": [1, 15], "1": [4, 4] },
    "meta": {
      "lastBranch": 2,
      "lastFunction": 5,
      "lastStatement": 9,
      "seen": {
        "f:10:7:10:13": 0,
        "s:11:2:11:Infinity": 0,
        "f:17:2:17:6": 1,
        "b:18:4:22:Infinity:undefined:undefined:undefined:undefined": 0,
        "s:18:4:22:Infinity": 1,
        "s:19:6:21:Infinity": 2,
        "s:23:4:23:Infinity": 3,
        "f:29:2:29:24": 2,
        "s:30:4:30:Infinity": 4,
        "f:36:2:36:64": 3,
        "s:37:20:37:Infinity": 5,
        "s:38:4:47:Infinity": 6,
        "f:41:8:41:9": 4,
        "s:42:10:42:Infinity": 7,
        "b:42:29:42:48:42:48:42:53": 1,
        "s:43:10:43:Infinity": 8
      }
    }
  },
  "/Users/danielslovinsky/Documents/projects/alchemy-docs/docs/src/content-indexer/collectors/processing-context.ts": {
    "path": "/Users/danielslovinsky/Documents/projects/alchemy-docs/docs/src/content-indexer/collectors/processing-context.ts",
    "statementMap": {
      "0": {
        "start": { "line": 30, "column": 12 },
        "end": { "line": 30, "column": 33 }
      },
      "1": {
        "start": { "line": 31, "column": 12 },
        "end": { "line": 31, "column": 39 }
      },
      "2": {
        "start": { "line": 32, "column": 12 },
        "end": { "line": 32, "column": 31 }
      },
      "3": {
        "start": { "line": 39, "column": 4 },
        "end": { "line": 39, "column": null }
      },
      "4": {
        "start": { "line": 46, "column": 4 },
        "end": { "line": 46, "column": null }
      },
      "5": {
        "start": { "line": 53, "column": 4 },
        "end": { "line": 53, "column": null }
      },
      "6": {
        "start": { "line": 60, "column": 4 },
        "end": { "line": 64, "column": null }
      },
      "7": {
        "start": { "line": 71, "column": 4 },
        "end": { "line": 75, "column": null }
      }
    },
    "fnMap": {
      "0": {
        "name": "(anonymous_0)",
        "decl": {
          "start": { "line": 29, "column": 2 },
          "end": { "line": 29, "column": null }
        },
        "loc": {
          "start": { "line": 33, "column": 4 },
          "end": { "line": 33, "column": null }
        },
        "line": 33
      },
      "1": {
        "name": "(anonymous_1)",
        "decl": {
          "start": { "line": 38, "column": 2 },
          "end": { "line": 38, "column": 20 }
        },
        "loc": {
          "start": { "line": 38, "column": 63 },
          "end": { "line": 40, "column": null }
        },
        "line": 38
      },
      "2": {
        "name": "(anonymous_2)",
        "decl": {
          "start": { "line": 45, "column": 2 },
          "end": { "line": 45, "column": 20 }
        },
        "loc": {
          "start": { "line": 45, "column": 54 },
          "end": { "line": 47, "column": null }
        },
        "line": 45
      },
      "3": {
        "name": "(anonymous_3)",
        "decl": {
          "start": { "line": 52, "column": 2 },
          "end": { "line": 52, "column": 19 }
        },
        "loc": {
          "start": { "line": 52, "column": 50 },
          "end": { "line": 54, "column": null }
        },
        "line": 52
      },
      "4": {
        "name": "(anonymous_4)",
        "decl": {
          "start": { "line": 59, "column": 2 },
          "end": { "line": 59, "column": 38 }
        },
        "loc": {
          "start": { "line": 59, "column": 38 },
          "end": { "line": 65, "column": null }
        },
        "line": 59
      },
      "5": {
        "name": "(anonymous_5)",
        "decl": {
          "start": { "line": 70, "column": 2 },
          "end": { "line": 70, "column": 13 }
        },
        "loc": {
          "start": { "line": 70, "column": 13 },
          "end": { "line": 76, "column": null }
        },
        "line": 70
      }
    },
    "branchMap": {
      "0": {
        "loc": {
          "start": { "line": 30, "column": 12 },
          "end": { "line": 30, "column": null }
        },
        "type": "default-arg",
        "locations": [
          {
            "start": { "line": 30, "column": 33 },
            "end": { "line": 30, "column": null }
          }
        ],
        "line": 30
      },
      "1": {
        "loc": {
          "start": { "line": 31, "column": 12 },
          "end": { "line": 31, "column": null }
        },
        "type": "default-arg",
        "locations": [
          {
            "start": { "line": 31, "column": 39 },
            "end": { "line": 31, "column": null }
          }
        ],
        "line": 31
      },
      "2": {
        "loc": {
          "start": { "line": 32, "column": 12 },
          "end": { "line": 32, "column": null }
        },
        "type": "default-arg",
        "locations": [
          {
            "start": { "line": 32, "column": 31 },
            "end": { "line": 32, "column": null }
          }
        ],
        "line": 32
      }
    },
    "s": {
      "0": 64,
      "1": 64,
      "2": 64,
      "3": 6,
      "4": 12,
      "5": 31,
      "6": 26,
      "7": 1
    },
    "f": { "0": 64, "1": 6, "2": 12, "3": 31, "4": 26, "5": 1 },
    "b": { "0": [64], "1": [64], "2": [64] },
    "meta": {
      "lastBranch": 3,
      "lastFunction": 6,
      "lastStatement": 8,
      "seen": {
        "f:29:2:29:Infinity": 0,
        "b:30:33:30:Infinity": 0,
        "b:31:39:31:Infinity": 1,
        "b:32:31:32:Infinity": 2,
        "s:30:12:30:33": 0,
        "s:31:12:31:39": 1,
        "s:32:12:32:31": 2,
        "f:38:2:38:20": 1,
        "s:39:4:39:Infinity": 3,
        "f:45:2:45:20": 2,
        "s:46:4:46:Infinity": 4,
        "f:52:2:52:19": 3,
        "s:53:4:53:Infinity": 5,
        "f:59:2:59:38": 4,
        "s:60:4:64:Infinity": 6,
        "f:70:2:70:13": 5,
        "s:71:4:75:Infinity": 7
      }
    }
  },
  "/Users/danielslovinsky/Documents/projects/alchemy-docs/docs/src/content-indexer/constants/http.ts": {
    "path": "/Users/danielslovinsky/Documents/projects/alchemy-docs/docs/src/content-indexer/constants/http.ts",
    "statementMap": {
      "0": {
        "start": { "line": 1, "column": 28 },
        "end": { "line": 10, "column": null }
      }
    },
    "fnMap": {},
    "branchMap": {},
    "s": { "0": 5 },
    "f": {},
    "b": {},
    "meta": {
      "lastBranch": 0,
      "lastFunction": 0,
      "lastStatement": 1,
      "seen": { "s:1:28:10:Infinity": 0 }
    }
  },
  "/Users/danielslovinsky/Documents/projects/alchemy-docs/docs/src/content-indexer/core/batch-fetcher.ts": {
    "path": "/Users/danielslovinsky/Documents/projects/alchemy-docs/docs/src/content-indexer/core/batch-fetcher.ts",
    "statementMap": {
      "0": {
        "start": { "line": 33, "column": 33 },
        "end": { "line": 104, "column": null }
      },
      "1": {
        "start": { "line": 37, "column": 16 },
        "end": { "line": 37, "column": null }
      },
      "2": {
        "start": { "line": 39, "column": 21 },
        "end": { "line": 39, "column": null }
      },
      "3": {
        "start": { "line": 40, "column": 2 },
        "end": { "line": 42, "column": null }
      },
      "4": {
        "start": { "line": 45, "column": 22 },
        "end": { "line": 81, "column": null }
      },
      "5": {
        "start": { "line": 46, "column": 4 },
        "end": { "line": 80, "column": null }
      },
      "6": {
        "start": { "line": 47, "column": 6 },
        "end": { "line": 74, "column": null }
      },
      "7": {
        "start": { "line": 49, "column": 25 },
        "end": { "line": 49, "column": null }
      },
      "8": {
        "start": { "line": 50, "column": 23 },
        "end": { "line": 50, "column": null }
      },
      "9": {
        "start": { "line": 52, "column": 8 },
        "end": { "line": 57, "column": null }
      },
      "10": {
        "start": { "line": 53, "column": 10 },
        "end": { "line": 56, "column": null }
      },
      "11": {
        "start": { "line": 60, "column": 27 },
        "end": { "line": 63, "column": null }
      },
      "12": {
        "start": { "line": 64, "column": 25 },
        "end": { "line": 64, "column": null }
      },
      "13": {
        "start": { "line": 66, "column": 24 },
        "end": { "line": 66, "column": null }
      },
      "14": {
        "start": { "line": 67, "column": 8 },
        "end": { "line": 73, "column": null }
      },
      "15": {
        "start": { "line": 68, "column": 38 },
        "end": { "line": 68, "column": null }
      },
      "16": {
        "start": { "line": 69, "column": 10 },
        "end": { "line": 72, "column": null }
      },
      "17": {
        "start": { "line": 76, "column": 6 },
        "end": { "line": 79, "column": null }
      },
      "18": {
        "start": { "line": 84, "column": 23 },
        "end": { "line": 93, "column": null }
      },
      "19": {
        "start": { "line": 85, "column": 4 },
        "end": { "line": 92, "column": null }
      },
      "20": {
        "start": { "line": 86, "column": 21 },
        "end": { "line": 86, "column": null }
      },
      "21": {
        "start": { "line": 87, "column": 6 },
        "end": { "line": 89, "column": null }
      },
      "22": {
        "start": { "line": 88, "column": 8 },
        "end": { "line": 88, "column": null }
      },
      "23": {
        "start": { "line": 91, "column": 6 },
        "end": { "line": 91, "column": null }
      },
      "24": {
        "start": { "line": 96, "column": 2 },
        "end": { "line": 96, "column": null }
      },
      "25": {
        "start": { "line": 98, "column": 16 },
        "end": { "line": 98, "column": null }
      },
      "26": {
        "start": { "line": 99, "column": 2 },
        "end": { "line": 101, "column": null }
      },
      "27": {
        "start": { "line": 103, "column": 2 },
        "end": { "line": 103, "column": null }
      }
    },
    "fnMap": {
      "0": {
        "name": "(anonymous_0)",
        "decl": {
          "start": { "line": 33, "column": 33 },
          "end": { "line": 33, "column": null }
        },
        "loc": {
          "start": { "line": 36, "column": 28 },
          "end": { "line": 104, "column": null }
        },
        "line": 36
      },
      "1": {
        "name": "(anonymous_1)",
        "decl": {
          "start": { "line": 45, "column": 58 },
          "end": { "line": 45, "column": 65 }
        },
        "loc": {
          "start": { "line": 45, "column": 77 },
          "end": { "line": 81, "column": 3 }
        },
        "line": 45
      },
      "2": {
        "name": "(anonymous_2)",
        "decl": {
          "start": { "line": 84, "column": 60 },
          "end": { "line": 84, "column": 67 }
        },
        "loc": {
          "start": { "line": 84, "column": 79 },
          "end": { "line": 93, "column": 3 }
        },
        "line": 84
      }
    },
    "branchMap": {
      "0": {
        "loc": {
          "start": { "line": 41, "column": 10 },
          "end": { "line": 41, "column": 62 }
        },
        "type": "cond-expr",
        "locations": [
          {
            "start": { "line": 41, "column": 40 },
            "end": { "line": 41, "column": 52 }
          },
          {
            "start": { "line": 41, "column": 52 },
            "end": { "line": 41, "column": 62 }
          }
        ],
        "line": 41
      },
      "1": {
        "loc": {
          "start": { "line": 47, "column": 6 },
          "end": { "line": 74, "column": null }
        },
        "type": "if",
        "locations": [
          {
            "start": { "line": 47, "column": 6 },
            "end": { "line": 74, "column": null }
          },
          {
            "start": { "line": 58, "column": 13 },
            "end": { "line": 74, "column": null }
          }
        ],
        "line": 47
      },
      "2": {
        "loc": {
          "start": { "line": 52, "column": 8 },
          "end": { "line": 57, "column": null }
        },
        "type": "if",
        "locations": [
          {
            "start": { "line": 52, "column": 8 },
            "end": { "line": 57, "column": null }
          },
          { "start": {}, "end": {} }
        ],
        "line": 52
      },
      "3": {
        "loc": {
          "start": { "line": 61, "column": 10 },
          "end": { "line": 61, "column": null }
        },
        "type": "binary-expr",
        "locations": [
          {
            "start": { "line": 61, "column": 10 },
            "end": { "line": 61, "column": 47 }
          },
          {
            "start": { "line": 61, "column": 47 },
            "end": { "line": 61, "column": null }
          }
        ],
        "line": 61
      },
      "4": {
        "loc": {
          "start": { "line": 67, "column": 8 },
          "end": { "line": 73, "column": null }
        },
        "type": "if",
        "locations": [
          {
            "start": { "line": 67, "column": 8 },
            "end": { "line": 73, "column": null }
          },
          { "start": {}, "end": {} }
        ],
        "line": 67
      },
      "5": {
        "loc": {
          "start": { "line": 77, "column": 28 },
          "end": { "line": 77, "column": 75 }
        },
        "type": "cond-expr",
        "locations": [
          {
            "start": { "line": 77, "column": 59 },
            "end": { "line": 77, "column": 68 }
          },
          {
            "start": { "line": 77, "column": 68 },
            "end": { "line": 77, "column": 75 }
          }
        ],
        "line": 77
      },
      "6": {
        "loc": {
          "start": { "line": 87, "column": 6 },
          "end": { "line": 89, "column": null }
        },
        "type": "if",
        "locations": [
          {
            "start": { "line": 87, "column": 6 },
            "end": { "line": 89, "column": null }
          },
          { "start": {}, "end": {} }
        ],
        "line": 87
      },
      "7": {
        "loc": {
          "start": { "line": 100, "column": 12 },
          "end": { "line": 100, "column": 60 }
        },
        "type": "cond-expr",
        "locations": [
          {
            "start": { "line": 100, "column": 42 },
            "end": { "line": 100, "column": 51 }
          },
          {
            "start": { "line": 100, "column": 51 },
            "end": { "line": 100, "column": 60 }
          }
        ],
        "line": 100
      }
    },
    "s": {
      "0": 1,
      "1": 6,
      "2": 6,
      "3": 6,
      "4": 6,
      "5": 6,
      "6": 6,
      "7": 0,
      "8": 0,
      "9": 0,
      "10": 0,
      "11": 6,
      "12": 6,
      "13": 6,
      "14": 5,
      "15": 4,
      "16": 4,
      "17": 1,
      "18": 6,
      "19": 5,
      "20": 5,
      "21": 4,
      "22": 3,
      "23": 1,
      "24": 6,
      "25": 6,
      "26": 6,
      "27": 6
    },
    "f": { "0": 6, "1": 6, "2": 5 },
    "b": {
      "0": [0, 6],
      "1": [0, 6],
      "2": [0, 0],
      "3": [6, 5],
      "4": [4, 1],
      "5": [0, 1],
      "6": [3, 1],
      "7": [0, 6]
    },
    "meta": {
      "lastBranch": 8,
      "lastFunction": 3,
      "lastStatement": 28,
      "seen": {
        "s:33:33:104:Infinity": 0,
        "f:33:33:33:Infinity": 0,
        "s:37:16:37:Infinity": 1,
        "s:39:21:39:Infinity": 2,
        "s:40:2:42:Infinity": 3,
        "b:41:40:41:52:41:52:41:62": 0,
        "s:45:22:81:Infinity": 4,
        "f:45:58:45:65": 1,
        "s:46:4:80:Infinity": 5,
        "b:47:6:74:Infinity:58:13:74:Infinity": 1,
        "s:47:6:74:Infinity": 6,
        "s:49:25:49:Infinity": 7,
        "s:50:23:50:Infinity": 8,
        "b:52:8:57:Infinity:undefined:undefined:undefined:undefined": 2,
        "s:52:8:57:Infinity": 9,
        "s:53:10:56:Infinity": 10,
        "s:60:27:63:Infinity": 11,
        "b:61:10:61:47:61:47:61:Infinity": 3,
        "s:64:25:64:Infinity": 12,
        "s:66:24:66:Infinity": 13,
        "b:67:8:73:Infinity:undefined:undefined:undefined:undefined": 4,
        "s:67:8:73:Infinity": 14,
        "s:68:38:68:Infinity": 15,
        "s:69:10:72:Infinity": 16,
        "s:76:6:79:Infinity": 17,
        "b:77:59:77:68:77:68:77:75": 5,
        "s:84:23:93:Infinity": 18,
        "f:84:60:84:67": 2,
        "s:85:4:92:Infinity": 19,
        "s:86:21:86:Infinity": 20,
        "b:87:6:89:Infinity:undefined:undefined:undefined:undefined": 6,
        "s:87:6:89:Infinity": 21,
        "s:88:8:88:Infinity": 22,
        "s:91:6:91:Infinity": 23,
        "s:96:2:96:Infinity": 24,
        "s:98:16:98:Infinity": 25,
        "s:99:2:101:Infinity": 26,
        "b:100:42:100:51:100:51:100:60": 7,
        "s:103:2:103:Infinity": 27
      }
    }
  },
  "/Users/danielslovinsky/Documents/projects/alchemy-docs/docs/src/content-indexer/core/build-all-outputs.ts": {
    "path": "/Users/danielslovinsky/Documents/projects/alchemy-docs/docs/src/content-indexer/core/build-all-outputs.ts",
    "statementMap": {
      "0": {
        "start": { "line": 22, "column": 31 },
        "end": { "line": 85, "column": null }
      },
      "1": {
        "start": { "line": 27, "column": 18 },
        "end": { "line": 27, "column": null }
      },
      "2": {
        "start": { "line": 30, "column": 2 },
        "end": { "line": 82, "column": null }
      },
      "3": {
        "start": { "line": 32, "column": 4 },
        "end": { "line": 34, "column": null }
      },
      "4": {
        "start": { "line": 33, "column": 6 },
        "end": { "line": 33, "column": null }
      },
      "5": {
        "start": { "line": 37, "column": 10 },
        "end": { "line": 37, "column": null }
      },
      "6": {
        "start": { "line": 40, "column": 26 },
        "end": { "line": 40, "column": null }
      },
      "7": {
        "start": { "line": 43, "column": 22 },
        "end": { "line": 43, "column": null }
      },
      "8": {
        "start": { "line": 44, "column": 4 },
        "end": { "line": 52, "column": null }
      },
      "9": {
        "start": { "line": 45, "column": 29 },
        "end": { "line": 45, "column": null }
      },
      "10": {
        "start": { "line": 46, "column": 26 },
        "end": { "line": 46, "column": null }
      },
      "11": {
        "start": { "line": 48, "column": 6 },
        "end": { "line": 51, "column": null }
      },
      "12": {
        "start": { "line": 55, "column": 20 },
        "end": { "line": 65, "column": null }
      },
      "13": {
        "start": { "line": 55, "column": 40 },
        "end": { "line": 64, "column": null }
      },
      "14": {
        "start": { "line": 68, "column": 4 },
        "end": { "line": 81, "column": null }
      },
      "15": {
        "start": { "line": 70, "column": 6 },
        "end": { "line": 72, "column": null }
      },
      "16": {
        "start": { "line": 71, "column": 8 },
        "end": { "line": 71, "column": null }
      },
      "17": {
        "start": { "line": 75, "column": 6 },
        "end": { "line": 80, "column": null }
      },
      "18": {
        "start": { "line": 76, "column": 22 },
        "end": { "line": 78, "column": null }
      },
      "19": {
        "start": { "line": 79, "column": 8 },
        "end": { "line": 79, "column": null }
      },
      "20": {
        "start": { "line": 79, "column": 32 },
        "end": { "line": 79, "column": 68 }
      },
      "21": {
        "start": { "line": 84, "column": 2 },
        "end": { "line": 84, "column": null }
      }
    },
    "fnMap": {
      "0": {
        "name": "(anonymous_0)",
        "decl": {
          "start": { "line": 22, "column": 31 },
          "end": { "line": 22, "column": null }
        },
        "loc": {
          "start": { "line": 26, "column": 28 },
          "end": { "line": 85, "column": null }
        },
        "line": 26
      },
      "1": {
        "name": "(anonymous_1)",
        "decl": {
          "start": { "line": 30, "column": 29 },
          "end": { "line": 30, "column": 30 }
        },
        "loc": {
          "start": { "line": 30, "column": 42 },
          "end": { "line": 82, "column": 3 }
        },
        "line": 30
      },
      "2": {
        "name": "(anonymous_2)",
        "decl": {
          "start": { "line": 55, "column": 39 },
          "end": { "line": 55, "column": 40 }
        },
        "loc": {
          "start": { "line": 55, "column": 40 },
          "end": { "line": 64, "column": null }
        },
        "line": 55
      },
      "3": {
        "name": "(anonymous_3)",
        "decl": {
          "start": { "line": 68, "column": 20 },
          "end": { "line": 68, "column": 21 }
        },
        "loc": {
          "start": { "line": 68, "column": 32 },
          "end": { "line": 81, "column": 5 }
        },
        "line": 68
      },
      "4": {
        "name": "(anonymous_4)",
        "decl": {
          "start": { "line": 70, "column": 50 },
          "end": { "line": 70, "column": 51 }
        },
        "loc": {
          "start": { "line": 70, "column": 69 },
          "end": { "line": 72, "column": 7 }
        },
        "line": 70
      },
      "5": {
        "name": "(anonymous_5)",
        "decl": {
          "start": { "line": 79, "column": 22 },
          "end": { "line": 79, "column": 23 }
        },
        "loc": {
          "start": { "line": 79, "column": 32 },
          "end": { "line": 79, "column": 68 }
        },
        "line": 79
      }
    },
    "branchMap": {
      "0": {
        "loc": {
          "start": { "line": 25, "column": 2 },
          "end": { "line": 25, "column": null }
        },
        "type": "default-arg",
        "locations": [
          {
            "start": { "line": 25, "column": 21 },
            "end": { "line": 25, "column": null }
          }
        ],
        "line": 25
      },
      "1": {
        "loc": {
          "start": { "line": 32, "column": 4 },
          "end": { "line": 34, "column": null }
        },
        "type": "if",
        "locations": [
          {
            "start": { "line": 32, "column": 4 },
            "end": { "line": 34, "column": null }
          },
          { "start": {}, "end": {} }
        ],
        "line": 32
      },
      "2": {
        "loc": {
          "start": { "line": 32, "column": 8 },
          "end": { "line": 32, "column": 41 }
        },
        "type": "binary-expr",
        "locations": [
          {
            "start": { "line": 32, "column": 8 },
            "end": { "line": 32, "column": 24 }
          },
          {
            "start": { "line": 32, "column": 24 },
            "end": { "line": 32, "column": 41 }
          }
        ],
        "line": 32
      },
      "3": {
        "loc": {
          "start": { "line": 44, "column": 4 },
          "end": { "line": 52, "column": null }
        },
        "type": "if",
        "locations": [
          {
            "start": { "line": 44, "column": 4 },
            "end": { "line": 52, "column": null }
          },
          { "start": {}, "end": {} }
        ],
        "line": 44
      },
      "4": {
        "loc": {
          "start": { "line": 45, "column": 29 },
          "end": { "line": 45, "column": null }
        },
        "type": "binary-expr",
        "locations": [
          {
            "start": { "line": 45, "column": 29 },
            "end": { "line": 45, "column": 47 }
          },
          {
            "start": { "line": 45, "column": 47 },
            "end": { "line": 45, "column": null }
          }
        ],
        "line": 45
      },
      "5": {
        "loc": {
          "start": { "line": 46, "column": 26 },
          "end": { "line": 46, "column": null }
        },
        "type": "binary-expr",
        "locations": [
          {
            "start": { "line": 46, "column": 26 },
            "end": { "line": 46, "column": 52 }
          },
          {
            "start": { "line": 46, "column": 52 },
            "end": { "line": 46, "column": null }
          }
        ],
        "line": 46
      },
      "6": {
        "loc": {
          "start": { "line": 75, "column": 6 },
          "end": { "line": 80, "column": null }
        },
        "type": "if",
        "locations": [
          {
            "start": { "line": 75, "column": 6 },
            "end": { "line": 80, "column": null }
          },
          { "start": {}, "end": {} }
        ],
        "line": 75
      },
      "7": {
        "loc": {
          "start": { "line": 76, "column": 22 },
          "end": { "line": 78, "column": null }
        },
        "type": "cond-expr",
        "locations": [
          {
            "start": { "line": 77, "column": 12 },
            "end": { "line": 77, "column": null }
          },
          {
            "start": { "line": 78, "column": 12 },
            "end": { "line": 78, "column": null }
          }
        ],
        "line": 76
      }
    },
    "s": {
      "0": 1,
      "1": 7,
      "2": 7,
      "3": 10,
      "4": 2,
      "5": 8,
      "6": 8,
      "7": 8,
      "8": 10,
      "9": 2,
      "10": 2,
      "11": 2,
      "12": 8,
      "13": 8,
      "14": 8,
      "15": 8,
      "16": 3,
      "17": 8,
      "18": 6,
      "19": 6,
      "20": 7,
      "21": 7
    },
    "f": { "0": 7, "1": 10, "2": 8, "3": 8, "4": 3, "5": 7 },
    "b": {
      "0": [7],
      "1": [2, 8],
      "2": [10, 9],
      "3": [2, 8],
      "4": [2, 0],
      "5": [2, 0],
      "6": [6, 2],
      "7": [1, 5]
    },
    "meta": {
      "lastBranch": 8,
      "lastFunction": 6,
      "lastStatement": 22,
      "seen": {
        "s:22:31:85:Infinity": 0,
        "f:22:31:22:Infinity": 0,
        "b:25:21:25:Infinity": 0,
        "s:27:18:27:Infinity": 1,
        "s:30:2:82:Infinity": 2,
        "f:30:29:30:30": 1,
        "b:32:4:34:Infinity:undefined:undefined:undefined:undefined": 1,
        "s:32:4:34:Infinity": 3,
        "b:32:8:32:24:32:24:32:41": 2,
        "s:33:6:33:Infinity": 4,
        "s:37:10:37:Infinity": 5,
        "s:40:26:40:Infinity": 6,
        "s:43:22:43:Infinity": 7,
        "b:44:4:52:Infinity:undefined:undefined:undefined:undefined": 3,
        "s:44:4:52:Infinity": 8,
        "s:45:29:45:Infinity": 9,
        "b:45:29:45:47:45:47:45:Infinity": 4,
        "s:46:26:46:Infinity": 10,
        "b:46:26:46:52:46:52:46:Infinity": 5,
        "s:48:6:51:Infinity": 11,
        "s:55:20:65:Infinity": 12,
        "f:55:39:55:40": 2,
        "s:55:40:64:Infinity": 13,
        "s:68:4:81:Infinity": 14,
        "f:68:20:68:21": 3,
        "s:70:6:72:Infinity": 15,
        "f:70:50:70:51": 4,
        "s:71:8:71:Infinity": 16,
        "b:75:6:80:Infinity:undefined:undefined:undefined:undefined": 6,
        "s:75:6:80:Infinity": 17,
        "s:76:22:78:Infinity": 18,
        "b:77:12:77:Infinity:78:12:78:Infinity": 7,
        "s:79:8:79:Infinity": 19,
        "f:79:22:79:23": 5,
        "s:79:32:79:68": 20,
        "s:84:2:84:Infinity": 21
      }
    }
  },
  "/Users/danielslovinsky/Documents/projects/alchemy-docs/docs/src/content-indexer/core/content-cache.ts": {
    "path": "/Users/danielslovinsky/Documents/projects/alchemy-docs/docs/src/content-indexer/core/content-cache.ts",
    "statementMap": {
      "0": {
        "start": { "line": 45, "column": 4 },
        "end": { "line": 45, "column": null }
      },
      "1": {
        "start": { "line": 46, "column": 4 },
        "end": { "line": 46, "column": null }
      },
      "2": {
        "start": { "line": 53, "column": 4 },
        "end": { "line": 53, "column": null }
      },
      "3": {
        "start": { "line": 60, "column": 4 },
        "end": { "line": 60, "column": null }
      },
      "4": {
        "start": { "line": 67, "column": 4 },
        "end": { "line": 67, "column": null }
      },
      "5": {
        "start": { "line": 74, "column": 4 },
        "end": { "line": 74, "column": null }
      },
      "6": {
        "start": { "line": 81, "column": 4 },
        "end": { "line": 84, "column": null }
      }
    },
    "fnMap": {
      "0": {
        "name": "(anonymous_0)",
        "decl": {
          "start": { "line": 44, "column": 2 },
          "end": { "line": 44, "column": 16 }
        },
        "loc": {
          "start": { "line": 44, "column": 16 },
          "end": { "line": 47, "column": null }
        },
        "line": 44
      },
      "1": {
        "name": "(anonymous_1)",
        "decl": {
          "start": { "line": 52, "column": 2 },
          "end": { "line": 52, "column": 16 }
        },
        "loc": {
          "start": { "line": 52, "column": 62 },
          "end": { "line": 54, "column": null }
        },
        "line": 52
      },
      "2": {
        "name": "(anonymous_2)",
        "decl": {
          "start": { "line": 59, "column": 2 },
          "end": { "line": 59, "column": 16 }
        },
        "loc": {
          "start": { "line": 59, "column": 61 },
          "end": { "line": 61, "column": null }
        },
        "line": 59
      },
      "3": {
        "name": "(anonymous_3)",
        "decl": {
          "start": { "line": 66, "column": 2 },
          "end": { "line": 66, "column": 10 }
        },
        "loc": {
          "start": { "line": 66, "column": 56 },
          "end": { "line": 68, "column": null }
        },
        "line": 66
      },
      "4": {
        "name": "(anonymous_4)",
        "decl": {
          "start": { "line": 73, "column": 2 },
          "end": { "line": 73, "column": 10 }
        },
        "loc": {
          "start": { "line": 73, "column": 55 },
          "end": { "line": 75, "column": null }
        },
        "line": 73
      },
      "5": {
        "name": "(anonymous_5)",
        "decl": {
          "start": { "line": 80, "column": 2 },
          "end": { "line": 80, "column": 25 }
        },
        "loc": {
          "start": { "line": 80, "column": 25 },
          "end": { "line": 85, "column": null }
        },
        "line": 80
      }
    },
    "branchMap": {},
    "s": { "0": 75, "1": 75, "2": 18, "3": 29, "4": 17, "5": 14, "6": 12 },
    "f": { "0": 75, "1": 18, "2": 29, "3": 17, "4": 14, "5": 12 },
    "b": {},
    "meta": {
      "lastBranch": 0,
      "lastFunction": 6,
      "lastStatement": 7,
      "seen": {
        "f:44:2:44:16": 0,
        "s:45:4:45:Infinity": 0,
        "s:46:4:46:Infinity": 1,
        "f:52:2:52:16": 1,
        "s:53:4:53:Infinity": 2,
        "f:59:2:59:16": 2,
        "s:60:4:60:Infinity": 3,
        "f:66:2:66:10": 3,
        "s:67:4:67:Infinity": 4,
        "f:73:2:73:10": 4,
        "s:74:4:74:Infinity": 5,
        "f:80:2:80:25": 5,
        "s:81:4:84:Infinity": 6
      }
    }
  },
  "/Users/danielslovinsky/Documents/projects/alchemy-docs/docs/src/content-indexer/core/path-builder.ts": {
    "path": "/Users/danielslovinsky/Documents/projects/alchemy-docs/docs/src/content-indexer/core/path-builder.ts",
    "statementMap": {
      "0": {
        "start": { "line": 11, "column": 4 },
        "end": { "line": 11, "column": null }
      },
      "1": {
        "start": { "line": 18, "column": 21 },
        "end": { "line": 18, "column": null }
      },
      "2": {
        "start": { "line": 19, "column": 4 },
        "end": { "line": 19, "column": null }
      },
      "3": {
        "start": { "line": 35, "column": 4 },
        "end": { "line": 37, "column": null }
      },
      "4": {
        "start": { "line": 36, "column": 6 },
        "end": { "line": 36, "column": null }
      },
      "5": {
        "start": { "line": 40, "column": 4 },
        "end": { "line": 42, "column": null }
      },
      "6": {
        "start": { "line": 41, "column": 6 },
        "end": { "line": 41, "column": null }
      },
      "7": {
        "start": { "line": 45, "column": 4 },
        "end": { "line": 47, "column": null }
      },
      "8": {
        "start": { "line": 46, "column": 6 },
        "end": { "line": 46, "column": null }
      },
      "9": {
        "start": { "line": 49, "column": 4 },
        "end": { "line": 49, "column": null }
      },
      "10": {
        "start": { "line": 56, "column": 4 },
        "end": { "line": 56, "column": null }
      }
    },
    "fnMap": {
      "0": {
        "name": "(anonymous_0)",
        "decl": {
          "start": { "line": 10, "column": 10 },
          "end": { "line": 10, "column": 22 }
        },
        "loc": {
          "start": { "line": 10, "column": 42 },
          "end": { "line": 12, "column": null }
        },
        "line": 10
      },
      "1": {
        "name": "(anonymous_1)",
        "decl": {
          "start": { "line": 17, "column": 9 },
          "end": { "line": 17, "column": 14 }
        },
        "loc": {
          "start": { "line": 17, "column": 50 },
          "end": { "line": 20, "column": null }
        },
        "line": 17
      },
      "2": {
        "name": "(anonymous_2)",
        "decl": {
          "start": { "line": 29, "column": 2 },
          "end": { "line": 29, "column": 8 }
        },
        "loc": {
          "start": { "line": 33, "column": 18 },
          "end": { "line": 50, "column": null }
        },
        "line": 33
      },
      "3": {
        "name": "(anonymous_3)",
        "decl": {
          "start": { "line": 55, "column": 2 },
          "end": { "line": 55, "column": 16 }
        },
        "loc": {
          "start": { "line": 55, "column": 16 },
          "end": { "line": 57, "column": null }
        },
        "line": 55
      }
    },
    "branchMap": {
      "0": {
        "loc": {
          "start": { "line": 17, "column": 14 },
          "end": { "line": 17, "column": 50 }
        },
        "type": "default-arg",
        "locations": [
          {
            "start": { "line": 17, "column": 33 },
            "end": { "line": 17, "column": 50 }
          }
        ],
        "line": 17
      },
      "1": {
        "loc": {
          "start": { "line": 18, "column": 21 },
          "end": { "line": 18, "column": null }
        },
        "type": "cond-expr",
        "locations": [
          {
            "start": { "line": 18, "column": 32 },
            "end": { "line": 18, "column": 70 }
          },
          {
            "start": { "line": 18, "column": 70 },
            "end": { "line": 18, "column": null }
          }
        ],
        "line": 18
      },
      "2": {
        "loc": {
          "start": { "line": 35, "column": 4 },
          "end": { "line": 37, "column": null }
        },
        "type": "if",
        "locations": [
          {
            "start": { "line": 35, "column": 4 },
            "end": { "line": 37, "column": null }
          },
          { "start": {}, "end": {} }
        ],
        "line": 35
      },
      "3": {
        "loc": {
          "start": { "line": 40, "column": 4 },
          "end": { "line": 42, "column": null }
        },
        "type": "if",
        "locations": [
          {
            "start": { "line": 40, "column": 4 },
            "end": { "line": 42, "column": null }
          },
          { "start": {}, "end": {} }
        ],
        "line": 40
      },
      "4": {
        "loc": {
          "start": { "line": 45, "column": 4 },
          "end": { "line": 47, "column": null }
        },
        "type": "if",
        "locations": [
          {
            "start": { "line": 45, "column": 4 },
            "end": { "line": 47, "column": null }
          },
          { "start": {}, "end": {} }
        ],
        "line": 45
      }
    },
    "s": {
      "0": 205,
      "1": 90,
      "2": 90,
      "3": 115,
      "4": 6,
      "5": 109,
      "6": 3,
      "7": 106,
      "8": 106,
      "9": 0,
      "10": 79
    },
    "f": { "0": 205, "1": 10, "2": 115, "3": 79 },
    "b": {
      "0": [90],
      "1": [50, 40],
      "2": [6, 109],
      "3": [3, 106],
      "4": [106, 0]
    },
    "meta": {
      "lastBranch": 5,
      "lastFunction": 4,
      "lastStatement": 11,
      "seen": {
        "f:10:10:10:22": 0,
        "s:11:4:11:Infinity": 0,
        "f:17:9:17:14": 1,
        "b:17:33:17:50": 0,
        "s:18:21:18:Infinity": 1,
        "b:18:32:18:70:18:70:18:Infinity": 1,
        "s:19:4:19:Infinity": 2,
        "f:29:2:29:8": 2,
        "b:35:4:37:Infinity:undefined:undefined:undefined:undefined": 2,
        "s:35:4:37:Infinity": 3,
        "s:36:6:36:Infinity": 4,
        "b:40:4:42:Infinity:undefined:undefined:undefined:undefined": 3,
        "s:40:4:42:Infinity": 5,
        "s:41:6:41:Infinity": 6,
        "b:45:4:47:Infinity:undefined:undefined:undefined:undefined": 4,
        "s:45:4:47:Infinity": 7,
        "s:46:6:46:Infinity": 8,
        "s:49:4:49:Infinity": 9,
        "f:55:2:55:16": 3,
        "s:56:4:56:Infinity": 10
      }
    }
  },
  "/Users/danielslovinsky/Documents/projects/alchemy-docs/docs/src/content-indexer/core/scanner.ts": {
    "path": "/Users/danielslovinsky/Documents/projects/alchemy-docs/docs/src/content-indexer/core/scanner.ts",
    "statementMap": {
      "0": {
        "start": { "line": 22, "column": 27 },
        "end": { "line": 56, "column": null }
      },
      "1": {
        "start": { "line": 24, "column": 2 },
        "end": { "line": 26, "column": null }
      },
      "2": {
        "start": { "line": 25, "column": 4 },
        "end": { "line": 25, "column": null }
      },
      "3": {
        "start": { "line": 29, "column": 2 },
        "end": { "line": 31, "column": null }
      },
      "4": {
        "start": { "line": 30, "column": 4 },
        "end": { "line": 30, "column": null }
      },
      "5": {
        "start": { "line": 34, "column": 2 },
        "end": { "line": 37, "column": null }
      },
      "6": {
        "start": { "line": 35, "column": 4 },
        "end": { "line": 35, "column": null }
      },
      "7": {
        "start": { "line": 36, "column": 4 },
        "end": { "line": 36, "column": null }
      },
      "8": {
        "start": { "line": 40, "column": 2 },
        "end": { "line": 43, "column": null }
      },
      "9": {
        "start": { "line": 41, "column": 4 },
        "end": { "line": 41, "column": null }
      },
      "10": {
        "start": { "line": 42, "column": 4 },
        "end": { "line": 42, "column": null }
      },
      "11": {
        "start": { "line": 46, "column": 2 },
        "end": { "line": 55, "column": null }
      },
      "12": {
        "start": { "line": 47, "column": 4 },
        "end": { "line": 49, "column": null }
      },
      "13": {
        "start": { "line": 48, "column": 6 },
        "end": { "line": 48, "column": null }
      },
      "14": {
        "start": { "line": 52, "column": 4 },
        "end": { "line": 54, "column": null }
      },
      "15": {
        "start": { "line": 53, "column": 6 },
        "end": { "line": 53, "column": null }
      },
      "16": {
        "start": { "line": 65, "column": 27 },
        "end": { "line": 85, "column": null }
      },
      "17": {
        "start": { "line": 66, "column": 2 },
        "end": { "line": 68, "column": null }
      },
      "18": {
        "start": { "line": 67, "column": 4 },
        "end": { "line": 67, "column": null }
      },
      "19": {
        "start": { "line": 70, "column": 29 },
        "end": { "line": 73, "column": null }
      },
      "20": {
        "start": { "line": 76, "column": 2 },
        "end": { "line": 82, "column": null }
      },
      "21": {
        "start": { "line": 77, "column": 4 },
        "end": { "line": 81, "column": null }
      },
      "22": {
        "start": { "line": 78, "column": 6 },
        "end": { "line": 80, "column": null }
      },
      "23": {
        "start": { "line": 79, "column": 8 },
        "end": { "line": 79, "column": null }
      },
      "24": {
        "start": { "line": 84, "column": 2 },
        "end": { "line": 84, "column": null }
      }
    },
    "fnMap": {
      "0": {
        "name": "(anonymous_0)",
        "decl": {
          "start": { "line": 22, "column": 27 },
          "end": { "line": 22, "column": 28 }
        },
        "loc": {
          "start": { "line": 22, "column": 79 },
          "end": { "line": 56, "column": null }
        },
        "line": 22
      },
      "1": {
        "name": "(anonymous_1)",
        "decl": {
          "start": { "line": 52, "column": 26 },
          "end": { "line": 52, "column": 27 }
        },
        "loc": {
          "start": { "line": 52, "column": 41 },
          "end": { "line": 54, "column": 5 }
        },
        "line": 52
      },
      "2": {
        "name": "(anonymous_2)",
        "decl": {
          "start": { "line": 65, "column": 27 },
          "end": { "line": 65, "column": 28 }
        },
        "loc": {
          "start": { "line": 65, "column": 61 },
          "end": { "line": 85, "column": null }
        },
        "line": 65
      },
      "3": {
        "name": "(anonymous_3)",
        "decl": {
          "start": { "line": 76, "column": 29 },
          "end": { "line": 76, "column": 30 }
        },
        "loc": {
          "start": { "line": 76, "column": 42 },
          "end": { "line": 82, "column": 3 }
        },
        "line": 76
      },
      "4": {
        "name": "(anonymous_4)",
        "decl": {
          "start": { "line": 78, "column": 29 },
          "end": { "line": 78, "column": 30 }
        },
        "loc": {
          "start": { "line": 78, "column": 45 },
          "end": { "line": 80, "column": 7 }
        },
        "line": 78
      }
    },
    "branchMap": {
      "0": {
        "loc": {
          "start": { "line": 24, "column": 2 },
          "end": { "line": 26, "column": null }
        },
        "type": "if",
        "locations": [
          {
            "start": { "line": 24, "column": 2 },
            "end": { "line": 26, "column": null }
          },
          { "start": {}, "end": {} }
        ],
        "line": 24
      },
      "1": {
        "loc": {
          "start": { "line": 29, "column": 2 },
          "end": { "line": 31, "column": null }
        },
        "type": "if",
        "locations": [
          {
            "start": { "line": 29, "column": 2 },
            "end": { "line": 31, "column": null }
          },
          { "start": {}, "end": {} }
        ],
        "line": 29
      },
      "2": {
        "loc": {
          "start": { "line": 34, "column": 2 },
          "end": { "line": 37, "column": null }
        },
        "type": "if",
        "locations": [
          {
            "start": { "line": 34, "column": 2 },
            "end": { "line": 37, "column": null }
          },
          { "start": {}, "end": {} }
        ],
        "line": 34
      },
      "3": {
        "loc": {
          "start": { "line": 40, "column": 2 },
          "end": { "line": 43, "column": null }
        },
        "type": "if",
        "locations": [
          {
            "start": { "line": 40, "column": 2 },
            "end": { "line": 43, "column": null }
          },
          { "start": {}, "end": {} }
        ],
        "line": 40
      },
      "4": {
        "loc": {
          "start": { "line": 46, "column": 2 },
          "end": { "line": 55, "column": null }
        },
        "type": "if",
        "locations": [
          {
            "start": { "line": 46, "column": 2 },
            "end": { "line": 55, "column": null }
          },
          { "start": {}, "end": {} }
        ],
        "line": 46
      },
      "5": {
        "loc": {
          "start": { "line": 47, "column": 4 },
          "end": { "line": 49, "column": null }
        },
        "type": "if",
        "locations": [
          {
            "start": { "line": 47, "column": 4 },
            "end": { "line": 49, "column": null }
          },
          { "start": {}, "end": {} }
        ],
        "line": 47
      },
      "6": {
        "loc": {
          "start": { "line": 66, "column": 2 },
          "end": { "line": 68, "column": null }
        },
        "type": "if",
        "locations": [
          {
            "start": { "line": 66, "column": 2 },
            "end": { "line": 68, "column": null }
          },
          { "start": {}, "end": {} }
        ],
        "line": 66
      },
      "7": {
        "loc": {
          "start": { "line": 77, "column": 4 },
          "end": { "line": 81, "column": null }
        },
        "type": "if",
        "locations": [
          {
            "start": { "line": 77, "column": 4 },
            "end": { "line": 81, "column": null }
          },
          { "start": {}, "end": {} }
        ],
        "line": 77
      }
    },
    "s": {
      "0": 1,
      "1": 23,
      "2": 1,
      "3": 22,
      "4": 2,
      "5": 20,
      "6": 3,
      "7": 3,
      "8": 17,
      "9": 12,
      "10": 12,
      "11": 5,
      "12": 5,
      "13": 1,
      "14": 5,
      "15": 6,
      "16": 1,
      "17": 10,
      "18": 1,
      "19": 9,
      "20": 9,
      "21": 10,
      "22": 10,
      "23": 17,
      "24": 9
    },
    "f": { "0": 23, "1": 6, "2": 10, "3": 10, "4": 17 },
    "b": {
      "0": [1, 22],
      "1": [2, 20],
      "2": [3, 17],
      "3": [12, 5],
      "4": [5, 0],
      "5": [1, 4],
      "6": [1, 9],
      "7": [10, 0]
    },
    "meta": {
      "lastBranch": 8,
      "lastFunction": 5,
      "lastStatement": 25,
      "seen": {
        "s:22:27:56:Infinity": 0,
        "f:22:27:22:28": 0,
        "b:24:2:26:Infinity:undefined:undefined:undefined:undefined": 0,
        "s:24:2:26:Infinity": 1,
        "s:25:4:25:Infinity": 2,
        "b:29:2:31:Infinity:undefined:undefined:undefined:undefined": 1,
        "s:29:2:31:Infinity": 3,
        "s:30:4:30:Infinity": 4,
        "b:34:2:37:Infinity:undefined:undefined:undefined:undefined": 2,
        "s:34:2:37:Infinity": 5,
        "s:35:4:35:Infinity": 6,
        "s:36:4:36:Infinity": 7,
        "b:40:2:43:Infinity:undefined:undefined:undefined:undefined": 3,
        "s:40:2:43:Infinity": 8,
        "s:41:4:41:Infinity": 9,
        "s:42:4:42:Infinity": 10,
        "b:46:2:55:Infinity:undefined:undefined:undefined:undefined": 4,
        "s:46:2:55:Infinity": 11,
        "b:47:4:49:Infinity:undefined:undefined:undefined:undefined": 5,
        "s:47:4:49:Infinity": 12,
        "s:48:6:48:Infinity": 13,
        "s:52:4:54:Infinity": 14,
        "f:52:26:52:27": 1,
        "s:53:6:53:Infinity": 15,
        "s:65:27:85:Infinity": 16,
        "f:65:27:65:28": 2,
        "b:66:2:68:Infinity:undefined:undefined:undefined:undefined": 6,
        "s:66:2:68:Infinity": 17,
        "s:67:4:67:Infinity": 18,
        "s:70:29:73:Infinity": 19,
        "s:76:2:82:Infinity": 20,
        "f:76:29:76:30": 3,
        "b:77:4:81:Infinity:undefined:undefined:undefined:undefined": 7,
        "s:77:4:81:Infinity": 21,
        "s:78:6:80:Infinity": 22,
        "f:78:29:78:30": 4,
        "s:79:8:79:Infinity": 23,
        "s:84:2:84:Infinity": 24
      }
    }
  },
  "/Users/danielslovinsky/Documents/projects/alchemy-docs/docs/src/content-indexer/indexers/main.ts": {
    "path": "/Users/danielslovinsky/Documents/projects/alchemy-docs/docs/src/content-indexer/indexers/main.ts",
    "statementMap": {
      "0": {
        "start": { "line": 33, "column": 37 },
        "end": { "line": 75, "column": null }
      },
      "1": {
        "start": { "line": 36, "column": 2 },
        "end": { "line": 36, "column": null }
      },
      "2": {
        "start": { "line": 40, "column": 2 },
        "end": { "line": 53, "column": null }
      },
      "3": {
        "start": { "line": 41, "column": 19 },
        "end": { "line": 41, "column": null }
      },
      "4": {
        "start": { "line": 42, "column": 4 },
        "end": { "line": 44, "column": null }
      },
      "5": {
        "start": { "line": 43, "column": 6 },
        "end": { "line": 43, "column": null }
      },
      "6": {
        "start": { "line": 45, "column": 4 },
        "end": { "line": 45, "column": null }
      },
      "7": {
        "start": { "line": 47, "column": 24 },
        "end": { "line": 47, "column": null }
      },
      "8": {
        "start": { "line": 48, "column": 20 },
        "end": { "line": 48, "column": null }
      },
      "9": {
        "start": { "line": 49, "column": 4 },
        "end": { "line": 51, "column": null }
      },
      "10": {
        "start": { "line": 50, "column": 6 },
        "end": { "line": 50, "column": null }
      },
      "11": {
        "start": { "line": 52, "column": 4 },
        "end": { "line": 52, "column": null }
      },
      "12": {
        "start": { "line": 56, "column": 2 },
        "end": { "line": 56, "column": null }
      },
      "13": {
        "start": { "line": 57, "column": 8 },
        "end": { "line": 57, "column": null }
      },
      "14": {
        "start": { "line": 58, "column": 2 },
        "end": { "line": 60, "column": null }
      },
      "15": {
        "start": { "line": 63, "column": 2 },
        "end": { "line": 63, "column": null }
      },
      "16": {
        "start": { "line": 64, "column": 23 },
        "end": { "line": 64, "column": null }
      },
      "17": {
        "start": { "line": 67, "column": 2 },
        "end": { "line": 67, "column": null }
      },
      "18": {
        "start": { "line": 68, "column": 8 },
        "end": { "line": 68, "column": null }
      },
      "19": {
        "start": { "line": 70, "column": 2 },
        "end": { "line": 72, "column": null }
      },
      "20": {
        "start": { "line": 74, "column": 2 },
        "end": { "line": 74, "column": null }
      }
    },
    "fnMap": {
      "0": {
        "name": "(anonymous_0)",
        "decl": {
          "start": { "line": 33, "column": 37 },
          "end": { "line": 33, "column": null }
        },
        "loc": {
          "start": { "line": 35, "column": 29 },
          "end": { "line": 75, "column": null }
        },
        "line": 35
      }
    },
    "branchMap": {
      "0": {
        "loc": {
          "start": { "line": 40, "column": 2 },
          "end": { "line": 53, "column": null }
        },
        "type": "if",
        "locations": [
          {
            "start": { "line": 40, "column": 2 },
            "end": { "line": 53, "column": null }
          },
          {
            "start": { "line": 46, "column": 9 },
            "end": { "line": 53, "column": null }
          }
        ],
        "line": 40
      },
      "1": {
        "loc": {
          "start": { "line": 42, "column": 4 },
          "end": { "line": 44, "column": null }
        },
        "type": "if",
        "locations": [
          {
            "start": { "line": 42, "column": 4 },
            "end": { "line": 44, "column": null }
          },
          { "start": {}, "end": {} }
        ],
        "line": 42
      },
      "2": {
        "loc": {
          "start": { "line": 49, "column": 4 },
          "end": { "line": 51, "column": null }
        },
        "type": "if",
        "locations": [
          {
            "start": { "line": 49, "column": 4 },
            "end": { "line": 51, "column": null }
          },
          { "start": {}, "end": {} }
        ],
        "line": 49
      }
    },
    "s": {
      "0": 1,
      "1": 2,
      "2": 2,
      "3": 1,
      "4": 1,
      "5": 0,
      "6": 1,
      "7": 1,
      "8": 1,
      "9": 1,
      "10": 0,
      "11": 1,
      "12": 2,
      "13": 2,
      "14": 2,
      "15": 2,
      "16": 2,
      "17": 2,
      "18": 2,
      "19": 2,
      "20": 2
    },
    "f": { "0": 2 },
    "b": { "0": [1, 1], "1": [0, 1], "2": [0, 1] },
    "meta": {
      "lastBranch": 3,
      "lastFunction": 1,
      "lastStatement": 21,
      "seen": {
        "s:33:37:75:Infinity": 0,
        "f:33:37:33:Infinity": 0,
        "s:36:2:36:Infinity": 1,
        "b:40:2:53:Infinity:46:9:53:Infinity": 0,
        "s:40:2:53:Infinity": 2,
        "s:41:19:41:Infinity": 3,
        "b:42:4:44:Infinity:undefined:undefined:undefined:undefined": 1,
        "s:42:4:44:Infinity": 4,
        "s:43:6:43:Infinity": 5,
        "s:45:4:45:Infinity": 6,
        "s:47:24:47:Infinity": 7,
        "s:48:20:48:Infinity": 8,
        "b:49:4:51:Infinity:undefined:undefined:undefined:undefined": 2,
        "s:49:4:51:Infinity": 9,
        "s:50:6:50:Infinity": 10,
        "s:52:4:52:Infinity": 11,
        "s:56:2:56:Infinity": 12,
        "s:57:8:57:Infinity": 13,
        "s:58:2:60:Infinity": 14,
        "s:63:2:63:Infinity": 15,
        "s:64:23:64:Infinity": 16,
        "s:67:2:67:Infinity": 17,
        "s:68:8:68:Infinity": 18,
        "s:70:2:72:Infinity": 19,
        "s:74:2:74:Infinity": 20
      }
    }
  },
  "/Users/danielslovinsky/Documents/projects/alchemy-docs/docs/src/content-indexer/types/docsYaml.ts": {
    "path": "/Users/danielslovinsky/Documents/projects/alchemy-docs/docs/src/content-indexer/types/docsYaml.ts",
    "statementMap": {
      "0": {
        "start": { "line": 65, "column": 28 },
        "end": { "line": 67, "column": null }
      },
      "1": {
        "start": { "line": 66, "column": 2 },
        "end": { "line": 66, "column": null }
      },
      "2": {
        "start": { "line": 69, "column": 31 },
        "end": { "line": 75, "column": null }
      },
      "3": {
        "start": { "line": 72, "column": 2 },
        "end": { "line": 73, "column": null }
      },
      "4": {
        "start": { "line": 77, "column": 28 },
        "end": { "line": 79, "column": null }
      },
      "5": {
        "start": { "line": 78, "column": 2 },
        "end": { "line": 78, "column": null }
      },
      "6": {
        "start": { "line": 81, "column": 27 },
        "end": { "line": 85, "column": null }
      },
      "7": {
        "start": { "line": 82, "column": 2 },
        "end": { "line": 83, "column": null }
      },
      "8": {
        "start": { "line": 87, "column": 33 },
        "end": { "line": 91, "column": null }
      },
      "9": {
        "start": { "line": 90, "column": 2 },
        "end": { "line": 90, "column": null }
      }
    },
    "fnMap": {
      "0": {
        "name": "(anonymous_0)",
        "decl": {
          "start": { "line": 65, "column": 28 },
          "end": { "line": 65, "column": 29 }
        },
        "loc": {
          "start": { "line": 65, "column": 74 },
          "end": { "line": 67, "column": null }
        },
        "line": 65
      },
      "1": {
        "name": "(anonymous_1)",
        "decl": {
          "start": { "line": 69, "column": 31 },
          "end": { "line": 69, "column": null }
        },
        "loc": {
          "start": { "line": 71, "column": 28 },
          "end": { "line": 75, "column": null }
        },
        "line": 71
      },
      "2": {
        "name": "(anonymous_2)",
        "decl": {
          "start": { "line": 77, "column": 28 },
          "end": { "line": 77, "column": 29 }
        },
        "loc": {
          "start": { "line": 77, "column": 74 },
          "end": { "line": 79, "column": null }
        },
        "line": 77
      },
      "3": {
        "name": "(anonymous_3)",
        "decl": {
          "start": { "line": 81, "column": 27 },
          "end": { "line": 81, "column": 28 }
        },
        "loc": {
          "start": { "line": 81, "column": 72 },
          "end": { "line": 85, "column": null }
        },
        "line": 81
      },
      "4": {
        "name": "(anonymous_4)",
        "decl": {
          "start": { "line": 87, "column": 33 },
          "end": { "line": 87, "column": null }
        },
        "loc": {
          "start": { "line": 89, "column": 30 },
          "end": { "line": 91, "column": null }
        },
        "line": 89
      }
    },
    "branchMap": {
      "0": {
        "loc": {
          "start": { "line": 66, "column": 9 },
          "end": { "line": 66, "column": null }
        },
        "type": "binary-expr",
        "locations": [
          {
            "start": { "line": 66, "column": 9 },
            "end": { "line": 66, "column": 17 }
          },
          {
            "start": { "line": 66, "column": 17 },
            "end": { "line": 66, "column": 45 }
          },
          {
            "start": { "line": 66, "column": 45 },
            "end": { "line": 66, "column": 63 }
          },
          {
            "start": { "line": 66, "column": 63 },
            "end": { "line": 66, "column": null }
          }
        ],
        "line": 66
      },
      "1": {
        "loc": {
          "start": { "line": 73, "column": 4 },
          "end": { "line": 73, "column": null }
        },
        "type": "binary-expr",
        "locations": [
          {
            "start": { "line": 73, "column": 4 },
            "end": { "line": 73, "column": 12 }
          },
          {
            "start": { "line": 73, "column": 12 },
            "end": { "line": 73, "column": 40 }
          },
          {
            "start": { "line": 73, "column": 40 },
            "end": { "line": 73, "column": 61 }
          },
          {
            "start": { "line": 73, "column": 61 },
            "end": { "line": 73, "column": null }
          }
        ],
        "line": 73
      },
      "2": {
        "loc": {
          "start": { "line": 78, "column": 9 },
          "end": { "line": 78, "column": null }
        },
        "type": "binary-expr",
        "locations": [
          {
            "start": { "line": 78, "column": 9 },
            "end": { "line": 78, "column": 17 }
          },
          {
            "start": { "line": 78, "column": 17 },
            "end": { "line": 78, "column": 45 }
          },
          {
            "start": { "line": 78, "column": 45 },
            "end": { "line": 78, "column": 63 }
          },
          {
            "start": { "line": 78, "column": 63 },
            "end": { "line": 78, "column": null }
          }
        ],
        "line": 78
      },
      "3": {
        "loc": {
          "start": { "line": 83, "column": 4 },
          "end": { "line": 83, "column": null }
        },
        "type": "binary-expr",
        "locations": [
          {
            "start": { "line": 83, "column": 4 },
            "end": { "line": 83, "column": 12 }
          },
          {
            "start": { "line": 83, "column": 12 },
            "end": { "line": 83, "column": 40 }
          },
          {
            "start": { "line": 83, "column": 40 },
            "end": { "line": 83, "column": 57 }
          },
          {
            "start": { "line": 83, "column": 57 },
            "end": { "line": 83, "column": null }
          }
        ],
        "line": 83
      },
      "4": {
        "loc": {
          "start": { "line": 90, "column": 9 },
          "end": { "line": 90, "column": null }
        },
        "type": "binary-expr",
        "locations": [
          {
            "start": { "line": 90, "column": 9 },
            "end": { "line": 90, "column": 17 }
          },
          {
            "start": { "line": 90, "column": 17 },
            "end": { "line": 90, "column": 45 }
          },
          {
            "start": { "line": 90, "column": 45 },
            "end": { "line": 90, "column": null }
          }
        ],
        "line": 90
      }
    },
    "s": {
      "0": 3,
      "1": 34,
      "2": 3,
      "3": 9,
      "4": 3,
      "5": 41,
      "6": 3,
      "7": 21,
      "8": 3,
      "9": 43
    },
    "f": { "0": 34, "1": 9, "2": 41, "3": 21, "4": 43 },
    "b": {
      "0": [34, 34, 34, 25],
      "1": [9, 9, 9, 8],
      "2": [41, 41, 41, 4],
      "3": [21, 21, 21, 4],
      "4": [43, 43, 43]
    },
    "meta": {
      "lastBranch": 5,
      "lastFunction": 5,
      "lastStatement": 10,
      "seen": {
        "s:65:28:67:Infinity": 0,
        "f:65:28:65:29": 0,
        "s:66:2:66:Infinity": 1,
        "b:66:9:66:17:66:17:66:45:66:45:66:63:66:63:66:Infinity": 0,
        "s:69:31:75:Infinity": 2,
        "f:69:31:69:Infinity": 1,
        "s:72:2:73:Infinity": 3,
        "b:73:4:73:12:73:12:73:40:73:40:73:61:73:61:73:Infinity": 1,
        "s:77:28:79:Infinity": 4,
        "f:77:28:77:29": 2,
        "s:78:2:78:Infinity": 5,
        "b:78:9:78:17:78:17:78:45:78:45:78:63:78:63:78:Infinity": 2,
        "s:81:27:85:Infinity": 6,
        "f:81:27:81:28": 3,
        "s:82:2:83:Infinity": 7,
        "b:83:4:83:12:83:12:83:40:83:40:83:57:83:57:83:Infinity": 3,
        "s:87:33:91:Infinity": 8,
        "f:87:33:87:Infinity": 4,
        "s:90:2:90:Infinity": 9,
        "b:90:9:90:17:90:17:90:45:90:45:90:Infinity": 4
      }
    }
  },
  "/Users/danielslovinsky/Documents/projects/alchemy-docs/docs/src/content-indexer/uploaders/algolia.ts": {
    "path": "/Users/danielslovinsky/Documents/projects/alchemy-docs/docs/src/content-indexer/uploaders/algolia.ts",
    "statementMap": {
      "0": {
        "start": { "line": 16, "column": 23 },
        "end": { "line": 29, "column": null }
      },
      "1": {
        "start": { "line": 21, "column": 16 },
        "end": { "line": 21, "column": null }
      },
      "2": {
        "start": { "line": 24, "column": 2 },
        "end": { "line": 26, "column": null }
      },
      "3": {
        "start": { "line": 25, "column": 4 },
        "end": { "line": 25, "column": null }
      },
      "4": {
        "start": { "line": 28, "column": 2 },
        "end": { "line": 28, "column": null }
      },
      "5": {
        "start": { "line": 46, "column": 31 },
        "end": { "line": 129, "column": null }
      },
      "6": {
        "start": { "line": 53, "column": 16 },
        "end": { "line": 53, "column": null }
      },
      "7": {
        "start": { "line": 54, "column": 19 },
        "end": { "line": 54, "column": null }
      },
      "8": {
        "start": { "line": 55, "column": 19 },
        "end": { "line": 55, "column": null }
      },
      "9": {
        "start": { "line": 57, "column": 2 },
        "end": { "line": 63, "column": null }
      },
      "10": {
        "start": { "line": 58, "column": 4 },
        "end": { "line": 58, "column": null }
      },
      "11": {
        "start": { "line": 59, "column": 4 },
        "end": { "line": 61, "column": null }
      },
      "12": {
        "start": { "line": 62, "column": 4 },
        "end": { "line": 62, "column": null }
      },
      "13": {
        "start": { "line": 65, "column": 2 },
        "end": { "line": 70, "column": null }
      },
      "14": {
        "start": { "line": 66, "column": 4 },
        "end": { "line": 68, "column": null }
      },
      "15": {
        "start": { "line": 69, "column": 4 },
        "end": { "line": 69, "column": null }
      },
      "16": {
        "start": { "line": 72, "column": 26 },
        "end": { "line": 76, "column": null }
      },
      "17": {
        "start": { "line": 78, "column": 8 },
        "end": { "line": 78, "column": null }
      },
      "18": {
        "start": { "line": 79, "column": 24 },
        "end": { "line": 79, "column": null }
      },
      "19": {
        "start": { "line": 81, "column": 2 },
        "end": { "line": 83, "column": null }
      },
      "20": {
        "start": { "line": 86, "column": 27 },
        "end": { "line": 86, "column": null }
      },
      "21": {
        "start": { "line": 88, "column": 2 },
        "end": { "line": 128, "column": null }
      },
      "22": {
        "start": { "line": 90, "column": 4 },
        "end": { "line": 93, "column": null }
      },
      "23": {
        "start": { "line": 95, "column": 4 },
        "end": { "line": 95, "column": null }
      },
      "24": {
        "start": { "line": 98, "column": 4 },
        "end": { "line": 112, "column": null }
      },
      "25": {
        "start": { "line": 99, "column": 6 },
        "end": { "line": 106, "column": null }
      },
      "26": {
[...]
        "end": { "line": 96, "column": null }
      },
      "12": {
        "start": { "line": 99, "column": 33 },
        "end": { "line": 99, "column": null }
      },
      "13": {
        "start": { "line": 101, "column": 2 },
        "end": { "line": 155, "column": null }
      },
      "14": {
        "start": { "line": 102, "column": 40 },
        "end": { "line": 143, "column": null }
      },
      "15": {
        "start": { "line": 103, "column": 12 },
        "end": { "line": 107, "column": null }
      },
      "16": {
        "start": { "line": 109, "column": 12 },
        "end": { "line": 113, "column": null }
      },
      "17": {
        "start": { "line": 116, "column": 6 },
        "end": { "line": 135, "column": null }
      },
      "18": {
        "start": { "line": 117, "column": 14 },
        "end": { "line": 121, "column": null }
      },
      "19": {
        "start": { "line": 123, "column": 28 },
        "end": { "line": 125, "column": null }
      },
      "20": {
        "start": { "line": 127, "column": 8 },
        "end": { "line": 134, "column": null }
      },
      "21": {
        "start": { "line": 137, "column": 6 },
        "end": { "line": 142, "column": null }
      },
      "22": {
        "start": { "line": 146, "column": 4 },
        "end": { "line": 154, "column": null }
      },
      "23": {
        "start": { "line": 147, "column": 6 },
        "end": { "line": 151, "column": null }
      },
      "24": {
        "start": { "line": 153, "column": 6 },
        "end": { "line": 153, "column": null }
      },
      "25": {
        "start": { "line": 157, "column": 2 },
        "end": { "line": 157, "column": null }
      },
      "26": {
        "start": { "line": 164, "column": 34 },
        "end": { "line": 215, "column": null }
      },
      "27": {
        "start": { "line": 173, "column": 48 },
        "end": { "line": 173, "column": null }
      },
      "28": {
        "start": { "line": 176, "column": 8 },
        "end": { "line": 176, "column": null }
      },
      "29": {
        "start": { "line": 177, "column": 23 },
        "end": { "line": 182, "column": null }
      },
      "30": {
        "start": { "line": 185, "column": 2 },
        "end": { "line": 187, "column": null }
      },
      "31": {
        "start": { "line": 186, "column": 4 },
        "end": { "line": 186, "column": null }
      },
      "32": {
        "start": { "line": 190, "column": 31 },
        "end": { "line": 192, "column": null }
      },
      "33": {
        "start": { "line": 195, "column": 22 },
        "end": { "line": 203, "column": null }
      },
      "34": {
        "start": { "line": 206, "column": 39 },
        "end": { "line": 212, "column": null }
      },
      "35": {
        "start": { "line": 214, "column": 2 },
        "end": { "line": 214, "column": null }
      }
    },
    "fnMap": {
      "0": {
        "name": "(anonymous_0)",
        "decl": {
          "start": { "line": 52, "column": 33 },
          "end": { "line": 52, "column": 34 }
        },
        "loc": {
          "start": { "line": 57, "column": 49 },
          "end": { "line": 77, "column": null }
        },
        "line": 57
      },
      "1": {
        "name": "(anonymous_1)",
        "decl": {
          "start": { "line": 60, "column": 21 },
          "end": { "line": 60, "column": 22 }
        },
        "loc": {
          "start": { "line": 60, "column": 36 },
          "end": { "line": 74, "column": 3 }
        },
        "line": 60
      },
      "2": {
        "name": "(anonymous_2)",
        "decl": {
          "start": { "line": 82, "column": 31 },
          "end": { "line": 82, "column": 32 }
        },
        "loc": {
          "start": { "line": 90, "column": 47 },
          "end": { "line": 158, "column": null }
        },
        "line": 90
      },
      "3": {
        "name": "(anonymous_3)",
        "decl": {
          "start": { "line": 93, "column": 21 },
          "end": { "line": 93, "column": 22 }
        },
        "loc": {
          "start": { "line": 93, "column": 36 },
          "end": { "line": 97, "column": 3 }
        },
        "line": 93
      },
      "4": {
        "name": "(anonymous_4)",
        "decl": {
          "start": { "line": 102, "column": 58 },
          "end": { "line": 102, "column": 59 }
        },
        "loc": {
          "start": { "line": 102, "column": 73 },
          "end": { "line": 143, "column": 5 }
        },
        "line": 102
      },
      "5": {
        "name": "(anonymous_5)",
        "decl": {
          "start": { "line": 164, "column": 34 },
          "end": { "line": 164, "column": 35 }
        },
        "loc": {
          "start": { "line": 172, "column": 43 },
          "end": { "line": 215, "column": null }
        },
        "line": 172
      }
    },
    "branchMap": {
      "0": {
        "loc": {
          "start": { "line": 94, "column": 21 },
          "end": { "line": 94, "column": null }
        },
        "type": "binary-expr",
        "locations": [
          {
            "start": { "line": 94, "column": 21 },
            "end": { "line": 94, "column": 59 }
          },
          {
            "start": { "line": 94, "column": 59 },
            "end": { "line": 94, "column": null }
          }
        ],
        "line": 94
      },
      "1": {
        "loc": {
          "start": { "line": 116, "column": 6 },
          "end": { "line": 135, "column": null }
        },
        "type": "if",
        "locations": [
          {
            "start": { "line": 116, "column": 6 },
            "end": { "line": 135, "column": null }
          },
          { "start": {}, "end": {} }
        ],
        "line": 116
      },
      "2": {
        "loc": {
          "start": { "line": 123, "column": 28 },
          "end": { "line": 125, "column": null }
        },
        "type": "cond-expr",
        "locations": [
          {
            "start": { "line": 124, "column": 12 },
            "end": { "line": 124, "column": null }
          },
          {
            "start": { "line": 125, "column": 12 },
            "end": { "line": 125, "column": null }
          }
        ],
        "line": 123
      },
      "3": {
        "loc": {
          "start": { "line": 146, "column": 4 },
          "end": { "line": 154, "column": null }
        },
        "type": "if",
        "locations": [
          {
            "start": { "line": 146, "column": 4 },
            "end": { "line": 154, "column": null }
          },
          {
            "start": { "line": 152, "column": 11 },
            "end": { "line": 154, "column": null }
          }
        ],
        "line": 146
      },
      "4": {
        "loc": {
          "start": { "line": 185, "column": 2 },
          "end": { "line": 187, "column": null }
        },
        "type": "if",
        "locations": [
          {
            "start": { "line": 185, "column": 2 },
            "end": { "line": 187, "column": null }
          },
          { "start": {}, "end": {} }
        ],
        "line": 185
      },
      "5": {
        "loc": {
          "start": { "line": 190, "column": 31 },
          "end": { "line": 192, "column": null }
        },
        "type": "cond-expr",
        "locations": [
          {
            "start": { "line": 191, "column": 6 },
            "end": { "line": 191, "column": null }
          },
          {
            "start": { "line": 191, "column": 6 },
            "end": { "line": 192, "column": null }
          }
        ],
        "line": 190
      },
      "6": {
        "loc": {
          "start": { "line": 206, "column": 39 },
          "end": { "line": 212, "column": null }
        },
        "type": "cond-expr",
        "locations": [
          {
            "start": { "line": 207, "column": 6 },
            "end": { "line": 207, "column": null }
          },
          {
            "start": { "line": 208, "column": 6 },
            "end": { "line": 212, "column": null }
          }
        ],
        "line": 206
      }
    },
    "s": {
      "0": 4,
      "1": 14,
      "2": 14,
      "3": 15,
      "4": 15,
      "5": 14,
      "6": 4,
      "7": 12,
      "8": 12,
      "9": 13,
      "10": 13,
      "11": 13,
      "12": 12,
      "13": 12,
      "14": 12,
      "15": 13,
      "16": 13,
      "17": 13,
      "18": 13,
      "19": 13,
      "20": 13,
      "21": 13,
      "22": 12,
      "23": 4,
      "24": 8,
      "25": 12,
      "26": 4,
      "27": 14,
      "28": 14,
      "29": 14,
      "30": 14,
      "31": 2,
      "32": 12,
      "33": 14,
      "34": 14,
      "35": 14
    },
    "f": { "0": 14, "1": 15, "2": 12, "3": 13, "4": 13, "5": 14 },
    "b": {
      "0": [13, 12],
      "1": [13, 0],
      "2": [12, 1],
      "3": [4, 8],
      "4": [2, 12],
      "5": [1, 11],
      "6": [1, 11]
    },
    "meta": {
      "lastBranch": 7,
      "lastFunction": 6,
      "lastStatement": 36,
      "seen": {
        "s:52:33:77:Infinity": 0,
        "f:52:33:52:34": 0,
        "s:58:34:58:Infinity": 1,
        "s:60:2:74:Infinity": 2,
        "f:60:21:60:22": 1,
        "s:61:10:65:Infinity": 3,
        "s:67:4:73:Infinity": 4,
        "s:76:2:76:Infinity": 5,
        "s:82:31:158:Infinity": 6,
        "f:82:31:82:32": 2,
        "s:92:26:92:Infinity": 7,
        "s:93:2:97:Infinity": 8,
        "f:93:21:93:22": 3,
        "s:94:21:94:Infinity": 9,
        "b:94:21:94:59:94:59:94:Infinity": 0,
        "s:95:4:95:Infinity": 10,
        "s:96:4:96:Infinity": 11,
        "s:99:33:99:Infinity": 12,
        "s:101:2:155:Infinity": 13,
        "s:102:40:143:Infinity": 14,
        "f:102:58:102:59": 4,
        "s:103:12:107:Infinity": 15,
        "s:109:12:113:Infinity": 16,
        "b:116:6:135:Infinity:undefined:undefined:undefined:undefined": 1,
        "s:116:6:135:Infinity": 17,
        "s:117:14:121:Infinity": 18,
        "s:123:28:125:Infinity": 19,
        "b:124:12:124:Infinity:125:12:125:Infinity": 2,
        "s:127:8:134:Infinity": 20,
        "s:137:6:142:Infinity": 21,
        "b:146:4:154:Infinity:152:11:154:Infinity": 3,
        "s:146:4:154:Infinity": 22,
        "s:147:6:151:Infinity": 23,
        "s:153:6:153:Infinity": 24,
        "s:157:2:157:Infinity": 25,
        "s:164:34:215:Infinity": 26,
        "f:164:34:164:35": 5,
        "s:173:48:173:Infinity": 27,
        "s:176:8:176:Infinity": 28,
        "s:177:23:182:Infinity": 29,
        "b:185:2:187:Infinity:undefined:undefined:undefined:undefined": 4,
        "s:185:2:187:Infinity": 30,
        "s:186:4:186:Infinity": 31,
        "s:190:31:192:Infinity": 32,
        "b:191:6:191:Infinity:191:6:192:Infinity": 5,
        "s:195:22:203:Infinity": 33,
        "s:206:39:212:Infinity": 34,
        "b:207:6:207:Infinity:208:6:212:Infinity": 6,
        "s:214:2:214:Infinity": 35
      }
    }
  },
  "/Users/danielslovinsky/Documents/projects/alchemy-docs/docs/src/content-indexer/visitors/processors/process-openrpc.ts": {
    "path": "/Users/danielslovinsky/Documents/projects/alchemy-docs/docs/src/content-indexer/visitors/processors/process-openrpc.ts",
    "statementMap": {
      "0": {
        "start": { "line": 31, "column": 34 },
        "end": { "line": 112, "column": null }
      },
      "1": {
        "start": { "line": 40, "column": 48 },
        "end": { "line": 40, "column": null }
      },
      "2": {
        "start": { "line": 42, "column": 2 },
        "end": { "line": 45, "column": null }
      },
      "3": {
        "start": { "line": 43, "column": 4 },
        "end": { "line": 43, "column": null }
      },
      "4": {
        "start": { "line": 44, "column": 4 },
        "end": { "line": 44, "column": null }
      },
      "5": {
        "start": { "line": 47, "column": 34 },
        "end": { "line": 47, "column": null }
      },
      "6": {
        "start": { "line": 48, "column": 38 },
        "end": { "line": 48, "column": null }
      },
      "7": {
        "start": { "line": 52, "column": 4 },
        "end": { "line": 54, "column": null }
      },
      "8": {
        "start": { "line": 57, "column": 2 },
        "end": { "line": 95, "column": null }
      },
      "9": {
        "start": { "line": 58, "column": 10 },
        "end": { "line": 58, "column": null }
      },
      "10": {
        "start": { "line": 59, "column": 24 },
        "end": { "line": 59, "column": null }
      },
      "11": {
        "start": { "line": 60, "column": 22 },
        "end": { "line": 60, "column": null }
      },
      "12": {
        "start": { "line": 63, "column": 4 },
        "end": { "line": 69, "column": null }
      },
      "13": {
        "start": { "line": 72, "column": 4 },
        "end": { "line": 86, "column": null }
      },
      "14": {
        "start": { "line": 73, "column": 26 },
        "end": { "line": 73, "column": null }
      },
      "15": {
        "start": { "line": 74, "column": 26 },
        "end": { "line": 76, "column": null }
      },
      "16": {
        "start": { "line": 78, "column": 6 },
        "end": { "line": 85, "column": null }
      },
      "17": {
        "start": { "line": 89, "column": 4 },
        "end": { "line": 94, "column": null }
      },
      "18": {
        "start": { "line": 98, "column": 2 },
        "end": { "line": 100, "column": null }
      },
      "19": {
        "start": { "line": 99, "column": 4 },
        "end": { "line": 99, "column": null }
      },
      "20": {
        "start": { "line": 103, "column": 39 },
        "end": { "line": 109, "column": null }
      },
      "21": {
        "start": { "line": 111, "column": 2 },
        "end": { "line": 111, "column": null }
      }
    },
    "fnMap": {
      "0": {
        "name": "(anonymous_0)",
        "decl": {
          "start": { "line": 31, "column": 34 },
          "end": { "line": 31, "column": 35 }
        },
        "loc": {
          "start": { "line": 39, "column": 43 },
          "end": { "line": 112, "column": null }
        },
        "line": 39
      },
      "1": {
        "name": "(anonymous_1)",
        "decl": {
          "start": { "line": 57, "column": 23 },
          "end": { "line": 57, "column": 24 }
        },
        "loc": {
          "start": { "line": 57, "column": 35 },
          "end": { "line": 95, "column": 3 }
        },
        "line": 57
      }
    },
    "branchMap": {
      "0": {
        "loc": {
          "start": { "line": 42, "column": 2 },
          "end": { "line": 45, "column": null }
        },
        "type": "if",
        "locations": [
          {
            "start": { "line": 42, "column": 2 },
            "end": { "line": 45, "column": null }
          },
          { "start": {}, "end": {} }
        ],
        "line": 42
      },
      "1": {
        "loc": {
          "start": { "line": 52, "column": 4 },
          "end": { "line": 54, "column": null }
        },
        "type": "cond-expr",
        "locations": [
          {
            "start": { "line": 52, "column": 18 },
            "end": { "line": 53, "column": null }
          },
          {
            "start": { "line": 54, "column": 8 },
            "end": { "line": 54, "column": null }
          }
        ],
        "line": 52
      },
      "2": {
        "loc": {
          "start": { "line": 52, "column": 4 },
          "end": { "line": 52, "column": null }
        },
        "type": "binary-expr",
        "locations": [
          {
            "start": { "line": 52, "column": 4 },
            "end": { "line": 52, "column": 17 }
          },
          {
            "start": { "line": 52, "column": 17 },
            "end": { "line": 52, "column": null }
          }
        ],
        "line": 52
      },
      "3": {
        "loc": {
          "start": { "line": 72, "column": 4 },
          "end": { "line": 86, "column": null }
        },
        "type": "if",
        "locations": [
          {
            "start": { "line": 72, "column": 4 },
            "end": { "line": 86, "column": null }
          },
          { "start": {}, "end": {} }
        ],
        "line": 72
      },
      "4": {
        "loc": {
          "start": { "line": 73, "column": 26 },
          "end": { "line": 73, "column": null }
        },
        "type": "binary-expr",
        "locations": [
          {
            "start": { "line": 73, "column": 26 },
            "end": { "line": 73, "column": 48 }
          },
          {
            "start": { "line": 73, "column": 48 },
            "end": { "line": 73, "column": 66 }
          },
          {
            "start": { "line": 73, "column": 66 },
            "end": { "line": 73, "column": null }
          }
        ],
        "line": 73
      },
      "5": {
        "loc": {
          "start": { "line": 74, "column": 26 },
          "end": { "line": 76, "column": null }
        },
        "type": "cond-expr",
        "locations": [
          {
            "start": { "line": 75, "column": 10 },
            "end": { "line": 75, "column": null }
          },
          {
            "start": { "line": 76, "column": 10 },
            "end": { "line": 76, "column": null }
          }
        ],
        "line": 74
      },
      "6": {
        "loc": {
          "start": { "line": 98, "column": 2 },
          "end": { "line": 100, "column": null }
        },
        "type": "if",
        "locations": [
          {
            "start": { "line": 98, "column": 2 },
            "end": { "line": 100, "column": null }
          },
          { "start": {}, "end": {} }
        ],
        "line": 98
      },
      "7": {
        "loc": {
          "start": { "line": 103, "column": 39 },
          "end": { "line": 109, "column": null }
        },
        "type": "cond-expr",
        "locations": [
          {
            "start": { "line": 104, "column": 6 },
            "end": { "line": 104, "column": null }
          },
          {
            "start": { "line": 105, "column": 6 },
            "end": { "line": 109, "column": null }
          }
        ],
        "line": 103
      }
    },
    "s": {
      "0": 4,
      "1": 9,
      "2": 9,
      "3": 1,
      "4": 1,
      "5": 8,
      "6": 8,
      "7": 8,
      "8": 9,
      "9": 9,
      "10": 9,
      "11": 9,
      "12": 9,
      "13": 9,
      "14": 8,
      "15": 8,
      "16": 8,
      "17": 9,
      "18": 9,
      "19": 1,
      "20": 7,
      "21": 9
    },
    "f": { "0": 9, "1": 9 },
    "b": {
      "0": [1, 8],
      "1": [6, 2],
      "2": [8, 7],
      "3": [8, 1],
      "4": [8, 4, 3],
      "5": [7, 1],
      "6": [1, 8],
      "7": [1, 6]
    },
    "meta": {
      "lastBranch": 8,
      "lastFunction": 2,
      "lastStatement": 22,
      "seen": {
        "s:31:34:112:Infinity": 0,
        "f:31:34:31:35": 0,
        "s:40:48:40:Infinity": 1,
        "b:42:2:45:Infinity:undefined:undefined:undefined:undefined": 0,
        "s:42:2:45:Infinity": 2,
        "s:43:4:43:Infinity": 3,
        "s:44:4:44:Infinity": 4,
        "s:47:34:47:Infinity": 5,
        "s:48:38:48:Infinity": 6,
        "s:52:4:54:Infinity": 7,
        "b:52:18:53:Infinity:54:8:54:Infinity": 1,
        "b:52:4:52:17:52:17:52:Infinity": 2,
        "s:57:2:95:Infinity": 8,
        "f:57:23:57:24": 1,
        "s:58:10:58:Infinity": 9,
        "s:59:24:59:Infinity": 10,
        "s:60:22:60:Infinity": 11,
        "s:63:4:69:Infinity": 12,
        "b:72:4:86:Infinity:undefined:undefined:undefined:undefined": 3,
        "s:72:4:86:Infinity": 13,
        "s:73:26:73:Infinity": 14,
        "b:73:26:73:48:73:48:73:66:73:66:73:Infinity": 4,
        "s:74:26:76:Infinity": 15,
        "b:75:10:75:Infinity:76:10:76:Infinity": 5,
        "s:78:6:85:Infinity": 16,
        "s:89:4:94:Infinity": 17,
        "b:98:2:100:Infinity:undefined:undefined:undefined:undefined": 6,
        "s:98:2:100:Infinity": 18,
        "s:99:4:99:Infinity": 19,
        "s:103:39:109:Infinity": 20,
        "b:104:6:104:Infinity:105:6:109:Infinity": 7,
        "s:111:2:111:Infinity": 21
      }
    }
  }
}
